2019-10-18 16:13:18,609 INFO com.report.currencyexchange.CurrencyExchangeApplicationTests [Test worker] Starting CurrencyExchangeApplicationTests on LAPTOP-AJTV0JIH with PID 13660 (started by jadha in C:\deepa\ProjectDemo\Calibri\currency-exchange)
2019-10-18 16:13:18,611 DEBUG com.report.currencyexchange.CurrencyExchangeApplicationTests [Test worker] Running with Spring Boot v2.1.9.RELEASE, Spring v5.1.10.RELEASE
2019-10-18 16:13:18,612 INFO com.report.currencyexchange.CurrencyExchangeApplicationTests [Test worker] No active profile set, falling back to default profiles: default
2019-10-18 16:13:20,732 INFO com.report.currencyexchange.CurrencyExchangeApplicationTests [Test worker] Started CurrencyExchangeApplicationTests in 2.339 seconds (JVM running for 3.512)
2019-10-18 16:16:57,262 INFO com.report.currencyexchange.CurrencyExchangeApplicationTests [Test worker] Starting CurrencyExchangeApplicationTests on LAPTOP-AJTV0JIH with PID 14488 (started by jadha in C:\deepa\ProjectDemo\Calibri\currency-exchange)
2019-10-18 16:16:57,265 DEBUG com.report.currencyexchange.CurrencyExchangeApplicationTests [Test worker] Running with Spring Boot v2.1.9.RELEASE, Spring v5.1.10.RELEASE
2019-10-18 16:16:57,265 INFO com.report.currencyexchange.CurrencyExchangeApplicationTests [Test worker] No active profile set, falling back to default profiles: default
2019-10-18 16:16:59,123 INFO com.report.currencyexchange.CurrencyExchangeApplicationTests [Test worker] Started CurrencyExchangeApplicationTests in 2.091 seconds (JVM running for 3.477)
2019-10-18 16:17:08,101 INFO com.report.currencyexchange.CurrencyExchangeApplication [restartedMain] Starting CurrencyExchangeApplication on LAPTOP-AJTV0JIH with PID 12284 (C:\deepa\ProjectDemo\Calibri\currency-exchange\build\classes\java\main started by jadha in C:\deepa\ProjectDemo\Calibri\currency-exchange)
2019-10-18 16:17:08,103 DEBUG com.report.currencyexchange.CurrencyExchangeApplication [restartedMain] Running with Spring Boot v2.1.9.RELEASE, Spring v5.1.10.RELEASE
2019-10-18 16:17:08,103 INFO com.report.currencyexchange.CurrencyExchangeApplication [restartedMain] No active profile set, falling back to default profiles: default
2019-10-18 16:17:10,988 INFO com.report.currencyexchange.CurrencyExchangeApplication [restartedMain] Started CurrencyExchangeApplication in 3.192 seconds (JVM running for 3.771)
2019-10-18 16:46:40,072 INFO com.report.currencyexchange.CurrencyExchangeApplicationTests [Test worker] Starting CurrencyExchangeApplicationTests on LAPTOP-AJTV0JIH with PID 12064 (started by jadha in C:\deepa\ProjectDemo\Calibri\currency-exchange)
2019-10-18 16:46:40,075 INFO com.report.currencyexchange.CurrencyExchangeApplicationTests [Test worker] No active profile set, falling back to default profiles: default
2019-10-18 16:46:43,122 INFO com.report.currencyexchange.CurrencyExchangeApplicationTests [Test worker] Started CurrencyExchangeApplicationTests in 3.35 seconds (JVM running for 5.01)
2019-10-18 16:52:35,601 INFO com.report.currencyexchange.CurrencyExchangeApplicationTests [Test worker] Starting CurrencyExchangeApplicationTests on LAPTOP-AJTV0JIH with PID 14740 (started by jadha in C:\deepa\ProjectDemo\Calibri\currency-exchange)
2019-10-18 16:52:35,604 INFO com.report.currencyexchange.CurrencyExchangeApplicationTests [Test worker] No active profile set, falling back to default profiles: default
2019-10-18 16:52:38,549 INFO com.report.currencyexchange.CurrencyExchangeApplicationTests [Test worker] Started CurrencyExchangeApplicationTests in 3.166 seconds (JVM running for 4.317)
2019-10-18 16:52:49,913 INFO com.report.currencyexchange.CurrencyExchangeApplication [restartedMain] Starting CurrencyExchangeApplication on LAPTOP-AJTV0JIH with PID 16220 (C:\deepa\ProjectDemo\Calibri\currency-exchange\build\classes\java\main started by jadha in C:\deepa\ProjectDemo\Calibri\currency-exchange)
2019-10-18 16:52:49,915 INFO com.report.currencyexchange.CurrencyExchangeApplication [restartedMain] No active profile set, falling back to default profiles: default
2019-10-18 16:52:53,257 INFO com.report.currencyexchange.CurrencyExchangeApplication [restartedMain] Started CurrencyExchangeApplication in 3.738 seconds (JVM running for 4.235)
2019-10-18 16:55:16,065 INFO com.report.currencyexchange.serviceImpl.FxRatesServiceImpl [http-nio-9900-exec-1] response entity status200 OK
2019-10-18 16:55:16,548 INFO com.report.currencyexchange.serviceImpl.FxRatesServiceImpl [http-nio-9900-exec-1] response entity status200 OK
2019-10-18 16:55:16,950 INFO com.report.currencyexchange.serviceImpl.FxRatesServiceImpl [http-nio-9900-exec-1] response entity status200 OK
2019-10-18 16:55:17,473 INFO com.report.currencyexchange.serviceImpl.FxRatesServiceImpl [http-nio-9900-exec-1] response entity status200 OK
2019-10-18 16:55:17,888 INFO com.report.currencyexchange.serviceImpl.FxRatesServiceImpl [http-nio-9900-exec-1] response entity status200 OK
2019-10-18 17:14:38,485 INFO com.report.currencyexchange.CurrencyExchangeApplicationTests [Test worker] Starting CurrencyExchangeApplicationTests on LAPTOP-AJTV0JIH with PID 13164 (started by jadha in C:\deepa\ProjectDemo\Calibri\currency-exchange)
2019-10-18 17:14:38,487 INFO com.report.currencyexchange.CurrencyExchangeApplicationTests [Test worker] No active profile set, falling back to default profiles: default
2019-10-18 17:14:40,775 INFO com.report.currencyexchange.CurrencyExchangeApplicationTests [Test worker] Started CurrencyExchangeApplicationTests in 2.501 seconds (JVM running for 3.626)
2019-10-18 17:15:32,195 INFO com.report.currencyexchange.CurrencyExchangeApplicationTests [Test worker] Starting CurrencyExchangeApplicationTests on LAPTOP-AJTV0JIH with PID 15008 (started by jadha in C:\deepa\ProjectDemo\Calibri\currency-exchange)
2019-10-18 17:15:32,197 INFO com.report.currencyexchange.CurrencyExchangeApplicationTests [Test worker] No active profile set, falling back to default profiles: default
2019-10-18 17:15:34,052 INFO com.report.currencyexchange.CurrencyExchangeApplicationTests [Test worker] Started CurrencyExchangeApplicationTests in 2.064 seconds (JVM running for 3.233)
2019-10-18 17:25:19,089 INFO com.report.currencyexchange.CurrencyExchangeApplicationTests [Test worker] Starting CurrencyExchangeApplicationTests on LAPTOP-AJTV0JIH with PID 4256 (started by jadha in C:\deepa\ProjectDemo\Calibri\currency-exchange)
2019-10-18 17:25:19,093 INFO com.report.currencyexchange.CurrencyExchangeApplicationTests [Test worker] No active profile set, falling back to default profiles: default
2019-10-18 17:25:22,258 INFO com.report.currencyexchange.CurrencyExchangeApplicationTests [Test worker] Started CurrencyExchangeApplicationTests in 3.447 seconds (JVM running for 4.631)
2019-10-18 17:27:14,781 INFO com.report.currencyexchange.CurrencyExchangeApplicationTests [Test worker] Starting CurrencyExchangeApplicationTests on LAPTOP-AJTV0JIH with PID 6628 (started by jadha in C:\deepa\ProjectDemo\Calibri\currency-exchange)
2019-10-18 17:27:14,783 INFO com.report.currencyexchange.CurrencyExchangeApplicationTests [Test worker] No active profile set, falling back to default profiles: default
2019-10-18 17:27:17,645 INFO com.report.currencyexchange.CurrencyExchangeApplicationTests [Test worker] Started CurrencyExchangeApplicationTests in 3.074 seconds (JVM running for 4.249)
2019-10-18 17:32:36,884 INFO com.report.currencyexchange.CurrencyExchangeApplicationTests [Test worker] Starting CurrencyExchangeApplicationTests on LAPTOP-AJTV0JIH with PID 1468 (started by jadha in C:\deepa\ProjectDemo\Calibri\currency-exchange)
2019-10-18 17:32:36,888 INFO com.report.currencyexchange.CurrencyExchangeApplicationTests [Test worker] No active profile set, falling back to default profiles: default
2019-10-18 17:32:38,947 INFO com.report.currencyexchange.CurrencyExchangeApplicationTests [Test worker] Started CurrencyExchangeApplicationTests in 2.261 seconds (JVM running for 3.409)
2019-10-18 17:33:05,953 INFO com.report.currencyexchange.CurrencyExchangeApplicationTests [Test worker] Starting CurrencyExchangeApplicationTests on LAPTOP-AJTV0JIH with PID 13692 (started by jadha in C:\deepa\ProjectDemo\Calibri\currency-exchange)
2019-10-18 17:33:05,957 INFO com.report.currencyexchange.CurrencyExchangeApplicationTests [Test worker] No active profile set, falling back to default profiles: default
2019-10-18 17:33:08,549 INFO com.report.currencyexchange.CurrencyExchangeApplicationTests [Test worker] Started CurrencyExchangeApplicationTests in 2.977 seconds (JVM running for 4.776)
2019-10-18 21:32:28,517 INFO com.report.currencyexchange.CurrencyExchangeApplicationTests [Test worker] Starting CurrencyExchangeApplicationTests on LAPTOP-AJTV0JIH with PID 11984 (started by jadha in C:\deepa\ProjectDemo\Calibri\currency-exchange)
2019-10-18 21:32:28,531 INFO com.report.currencyexchange.CurrencyExchangeApplicationTests [Test worker] No active profile set, falling back to default profiles: default
2019-10-18 21:32:31,325 INFO com.report.currencyexchange.CurrencyExchangeApplicationTests [Test worker] Started CurrencyExchangeApplicationTests in 3.076 seconds (JVM running for 5.454)
2019-10-18 22:02:24,893 INFO com.report.currencyexchange.CurrencyExchangeApplicationTests [Test worker] Starting CurrencyExchangeApplicationTests on LAPTOP-AJTV0JIH with PID 8020 (started by jadha in C:\deepa\ProjectDemo\Calibri\currency-exchange)
2019-10-18 22:02:24,913 INFO com.report.currencyexchange.CurrencyExchangeApplicationTests [Test worker] No active profile set, falling back to default profiles: default
2019-10-18 22:02:28,396 INFO com.report.currencyexchange.CurrencyExchangeApplicationTests [Test worker] Started CurrencyExchangeApplicationTests in 4.026 seconds (JVM running for 6.194)
2019-10-18 22:09:29,560 INFO com.report.currencyexchange.CurrencyExchangeApplicationTests [Test worker] Starting CurrencyExchangeApplicationTests on LAPTOP-AJTV0JIH with PID 16456 (started by jadha in C:\deepa\ProjectDemo\Calibri\currency-exchange)
2019-10-18 22:09:29,569 INFO com.report.currencyexchange.CurrencyExchangeApplicationTests [Test worker] No active profile set, falling back to default profiles: default
2019-10-18 22:09:32,563 INFO com.report.currencyexchange.CurrencyExchangeApplicationTests [Test worker] Started CurrencyExchangeApplicationTests in 3.391 seconds (JVM running for 5.539)
2019-10-18 22:11:15,052 INFO com.report.currencyexchange.CurrencyExchangeApplicationTests [Test worker] Starting CurrencyExchangeApplicationTests on LAPTOP-AJTV0JIH with PID 12844 (started by jadha in C:\deepa\ProjectDemo\Calibri\currency-exchange)
2019-10-18 22:11:15,082 INFO com.report.currencyexchange.CurrencyExchangeApplicationTests [Test worker] No active profile set, falling back to default profiles: default
2019-10-18 22:11:17,991 INFO com.report.currencyexchange.CurrencyExchangeApplicationTests [Test worker] Started CurrencyExchangeApplicationTests in 3.323 seconds (JVM running for 4.801)
2019-10-18 22:14:42,260 INFO com.report.currencyexchange.CurrencyExchangeApplicationTests [Test worker] Starting CurrencyExchangeApplicationTests on LAPTOP-AJTV0JIH with PID 5956 (started by jadha in C:\deepa\ProjectDemo\Calibri\currency-exchange)
2019-10-18 22:14:42,289 INFO com.report.currencyexchange.CurrencyExchangeApplicationTests [Test worker] No active profile set, falling back to default profiles: default
2019-10-18 22:14:45,131 INFO com.report.currencyexchange.CurrencyExchangeApplicationTests [Test worker] Started CurrencyExchangeApplicationTests in 3.157 seconds (JVM running for 4.745)
2019-10-18 22:15:35,549 INFO com.report.currencyexchange.CurrencyExchangeApplicationTests [Test worker] Starting CurrencyExchangeApplicationTests on LAPTOP-AJTV0JIH with PID 17196 (started by jadha in C:\deepa\ProjectDemo\Calibri\currency-exchange)
2019-10-18 22:15:35,552 INFO com.report.currencyexchange.CurrencyExchangeApplicationTests [Test worker] No active profile set, falling back to default profiles: default
2019-10-18 22:15:38,114 INFO com.report.currencyexchange.CurrencyExchangeApplicationTests [Test worker] Started CurrencyExchangeApplicationTests in 2.847 seconds (JVM running for 4.422)
2019-10-18 22:16:27,027 INFO com.report.currencyexchange.CurrencyExchangeApplicationTests [Test worker] Starting CurrencyExchangeApplicationTests on LAPTOP-AJTV0JIH with PID 11500 (started by jadha in C:\deepa\ProjectDemo\Calibri\currency-exchange)
2019-10-18 22:16:27,031 INFO com.report.currencyexchange.CurrencyExchangeApplicationTests [Test worker] No active profile set, falling back to default profiles: default
2019-10-18 22:16:29,986 INFO com.report.currencyexchange.CurrencyExchangeApplicationTests [Test worker] Started CurrencyExchangeApplicationTests in 3.268 seconds (JVM running for 4.653)
2019-10-18 22:28:47,535 INFO com.report.currencyexchange.CurrencyExchangeApplicationTests [Test worker] Starting CurrencyExchangeApplicationTests on LAPTOP-AJTV0JIH with PID 2716 (started by jadha in C:\deepa\ProjectDemo\Calibri\currency-exchange)
2019-10-18 22:28:47,569 INFO com.report.currencyexchange.CurrencyExchangeApplicationTests [Test worker] No active profile set, falling back to default profiles: default
2019-10-18 22:28:51,034 INFO com.report.currencyexchange.CurrencyExchangeApplicationTests [Test worker] Started CurrencyExchangeApplicationTests in 3.925 seconds (JVM running for 5.642)
2019-10-18 22:32:12,860 INFO com.report.currencyexchange.CurrencyExchangeApplicationTests [Test worker] Starting CurrencyExchangeApplicationTests on LAPTOP-AJTV0JIH with PID 16400 (started by jadha in C:\deepa\ProjectDemo\Calibri\currency-exchange)
2019-10-18 22:32:12,881 INFO com.report.currencyexchange.CurrencyExchangeApplicationTests [Test worker] No active profile set, falling back to default profiles: default
2019-10-18 22:32:16,252 INFO com.report.currencyexchange.CurrencyExchangeApplicationTests [Test worker] Started CurrencyExchangeApplicationTests in 3.834 seconds (JVM running for 5.65)
2019-10-18 22:32:55,143 INFO com.report.currencyexchange.CurrencyExchangeApplicationTests [Test worker] Starting CurrencyExchangeApplicationTests on LAPTOP-AJTV0JIH with PID 16228 (started by jadha in C:\deepa\ProjectDemo\Calibri\currency-exchange)
2019-10-18 22:32:55,147 INFO com.report.currencyexchange.CurrencyExchangeApplicationTests [Test worker] No active profile set, falling back to default profiles: default
2019-10-18 22:32:57,702 INFO com.report.currencyexchange.CurrencyExchangeApplicationTests [Test worker] Started CurrencyExchangeApplicationTests in 2.874 seconds (JVM running for 4.285)
2019-10-18 22:35:03,323 INFO com.report.currencyexchange.CurrencyExchangeApplicationTests [Test worker] Starting CurrencyExchangeApplicationTests on LAPTOP-AJTV0JIH with PID 16852 (started by jadha in C:\deepa\ProjectDemo\Calibri\currency-exchange)
2019-10-18 22:35:03,332 INFO com.report.currencyexchange.CurrencyExchangeApplicationTests [Test worker] No active profile set, falling back to default profiles: default
2019-10-18 22:35:06,111 INFO com.report.currencyexchange.CurrencyExchangeApplicationTests [Test worker] Started CurrencyExchangeApplicationTests in 3.049 seconds (JVM running for 4.437)
2019-10-18 22:38:38,204 INFO com.report.currencyexchange.CurrencyExchangeApplicationTests [Test worker] Starting CurrencyExchangeApplicationTests on LAPTOP-AJTV0JIH with PID 9620 (started by jadha in C:\deepa\ProjectDemo\Calibri\currency-exchange)
2019-10-18 22:38:38,224 INFO com.report.currencyexchange.CurrencyExchangeApplicationTests [Test worker] No active profile set, falling back to default profiles: default
2019-10-18 22:38:41,097 INFO com.report.currencyexchange.CurrencyExchangeApplicationTests [Test worker] Started CurrencyExchangeApplicationTests in 3.151 seconds (JVM running for 4.663)
2019-10-18 22:39:46,230 INFO com.report.currencyexchange.CurrencyExchangeApplicationTests [Test worker] Starting CurrencyExchangeApplicationTests on LAPTOP-AJTV0JIH with PID 12000 (started by jadha in C:\deepa\ProjectDemo\Calibri\currency-exchange)
2019-10-18 22:39:46,234 INFO com.report.currencyexchange.CurrencyExchangeApplicationTests [Test worker] No active profile set, falling back to default profiles: default
2019-10-18 22:39:48,936 INFO com.report.currencyexchange.CurrencyExchangeApplicationTests [Test worker] Started CurrencyExchangeApplicationTests in 2.968 seconds (JVM running for 4.338)
2019-10-18 22:53:34,492 INFO com.report.currencyexchange.CurrencyExchangeApplicationTests [Test worker] Starting CurrencyExchangeApplicationTests on LAPTOP-AJTV0JIH with PID 6032 (started by jadha in C:\deepa\ProjectDemo\Calibri\currency-exchange)
2019-10-18 22:53:34,515 INFO com.report.currencyexchange.CurrencyExchangeApplicationTests [Test worker] No active profile set, falling back to default profiles: default
2019-10-18 22:53:37,154 INFO com.report.currencyexchange.CurrencyExchangeApplicationTests [Test worker] Started CurrencyExchangeApplicationTests in 3.005 seconds (JVM running for 4.79)
2019-10-18 22:54:17,609 INFO com.report.currencyexchange.CurrencyExchangeApplicationTests [Test worker] Starting CurrencyExchangeApplicationTests on LAPTOP-AJTV0JIH with PID 4684 (started by jadha in C:\deepa\ProjectDemo\Calibri\currency-exchange)
2019-10-18 22:54:17,612 INFO com.report.currencyexchange.CurrencyExchangeApplicationTests [Test worker] No active profile set, falling back to default profiles: default
2019-10-18 22:54:20,419 INFO com.report.currencyexchange.CurrencyExchangeApplicationTests [Test worker] Started CurrencyExchangeApplicationTests in 3.089 seconds (JVM running for 4.612)
2019-10-18 22:54:47,016 INFO com.report.currencyexchange.CurrencyExchangeApplicationTests [Test worker] Starting CurrencyExchangeApplicationTests on LAPTOP-AJTV0JIH with PID 1816 (started by jadha in C:\deepa\ProjectDemo\Calibri\currency-exchange)
2019-10-18 22:54:47,018 INFO com.report.currencyexchange.CurrencyExchangeApplicationTests [Test worker] No active profile set, falling back to default profiles: default
2019-10-18 22:54:49,536 INFO com.report.currencyexchange.CurrencyExchangeApplicationTests [Test worker] Started CurrencyExchangeApplicationTests in 2.857 seconds (JVM running for 4.314)
2019-10-18 23:04:47,811 INFO com.report.currencyexchange.CurrencyExchangeApplicationTests [Test worker] Starting CurrencyExchangeApplicationTests on LAPTOP-AJTV0JIH with PID 16948 (started by jadha in C:\deepa\ProjectDemo\Calibri\currency-exchange)
2019-10-18 23:04:47,832 INFO com.report.currencyexchange.CurrencyExchangeApplicationTests [Test worker] No active profile set, falling back to default profiles: default
2019-10-18 23:04:50,515 INFO com.report.currencyexchange.CurrencyExchangeApplicationTests [Test worker] Started CurrencyExchangeApplicationTests in 3.068 seconds (JVM running for 4.914)
2019-10-18 23:10:07,511 INFO com.report.currencyexchange.CurrencyExchangeApplicationTests [Test worker] Starting CurrencyExchangeApplicationTests on LAPTOP-AJTV0JIH with PID 2988 (started by jadha in C:\deepa\ProjectDemo\Calibri\currency-exchange)
2019-10-18 23:10:07,533 INFO com.report.currencyexchange.CurrencyExchangeApplicationTests [Test worker] No active profile set, falling back to default profiles: default
2019-10-18 23:10:10,345 INFO com.report.currencyexchange.CurrencyExchangeApplicationTests [Test worker] Started CurrencyExchangeApplicationTests in 3.138 seconds (JVM running for 4.767)
